2018-Mar-29 21:44:32 –ù–∞–ª–∏—á–∏–µ –Ω–µ–æ–±—Ö–æ–¥–∏–º—ã—Ö –º–æ–¥—É–ª–µ–π php (check_php_modules): Ok
–í—Å–µ –Ω–µ–æ–±—Ö–æ–¥–∏–º—ã–µ –º–æ–¥—É–ª–∏ —É—Å—Ç–∞–Ω–æ–≤–ª–µ–Ω—ã
2018-Mar-29 21:44:32 –û–±—è–∑–∞—Ç–µ–ª—å–Ω—ã–µ –ø–∞—Ä–∞–º–µ—Ç—Ä—ã PHP (check_php_settings): Fail
–û—à–∏–±–∫–∞! –ó–Ω–∞—á–µ–Ω–∏–µ max_input_vars –¥–æ–ª–∂–Ω–æ –±—ã—Ç—å –Ω–µ –Ω–∏–∂–µ 10000. –¢–µ–∫—É—â–µ–µ –∑–Ω–∞—á–µ–Ω–∏–µ: 1000
2018-Mar-29 21:44:33 –ú–æ–¥—É–ª–∏ –≤–µ–±-—Å–µ—Ä–≤–µ—Ä–∞ (check_security): Ok
–ö–æ–Ω—Ñ–ª–∏–∫—Ç–æ–≤ –Ω–µ –≤—ã—è–≤–ª–µ–Ω–æ
2018-Mar-29 21:44:33 –ó–Ω–∞—á–µ–Ω–∏—è –ø–µ—Ä–µ–º–µ–Ω–Ω—ã—Ö —Å–µ—Ä–≤–µ—Ä–∞ (check_server_vars): Fail
–û—à–∏–±–∫–∞! –¢–µ–∫—É—â–∏–π –¥–æ–º–µ–Ω –Ω–µ –≤–∞–ª–∏–¥–Ω—ã–π (bitrix). –ú–æ–∂–µ—Ç —Å–æ–¥–µ—Ä–∂–∞—Ç—å —Ç–æ–ª—å–∫–æ —Ü–∏—Ñ—Ä—ã, –ª–∞—Ç–∏–Ω—Å–∫–∏–µ –±—É–∫–≤—ã –∏ –¥–µ—Ñ–∏—Å. –î–æ–ª–∂–µ–Ω —Å–æ–¥–µ—Ä–∂–∞—Ç—å —Ç–æ—á–∫—É.
2018-Mar-29 21:44:33 –°–æ—Ö—Ä–∞–Ω–µ–Ω–∏–µ —Å–µ—Å—Å–∏–∏ (check_session): Ok
50% done
2018-Mar-29 21:44:33 –°–æ—Ö—Ä–∞–Ω–µ–Ω–∏–µ —Å–µ—Å—Å–∏–∏ (check_session): Ok
–£—Å–ø–µ—à–Ω–æ
2018-Mar-29 21:44:34 –ü–∞—Ä–∞–º–µ—Ç—Ä—ã –Ω–∞—Å—Ç—Ä–æ–π–∫–∏ UTF (mbstring –∏ –∫–æ–Ω—Å—Ç–∞–Ω—Ç–∞ BX_UTF) (check_mbstring): Ok
–ü—Ä–∞–≤–∏–ª—å–Ω—ã–µ. –°–∞–π—Ç —Ä–∞–±–æ—Ç–∞–µ—Ç –≤ UTF –∫–æ–¥–∏—Ä–æ–≤–∫–µ
2018-Mar-29 21:44:34 –°–ª—É–∂–µ–±–Ω—ã–µ —Å–∫—Ä–∏–ø—Ç—ã –≤ –∫–æ—Ä–Ω–µ —Å–∞–π—Ç–∞ (check_install_scripts): Ok
–û—Ç—Å—É—Ç—Å—Ç–≤—É—é—Ç
2018-Mar-29 21:44:34 –†–∞–±–æ—Ç–∞ —Å —Å–æ–∫–µ—Ç–∞–º–∏ (check_socket): Ok
Connection to bitrix:80	Success

–£—Å–ø–µ—à–Ω–æ
2018-Mar-29 21:44:34 –í—ã–ø–æ–ª–Ω–µ–Ω–∏–µ –∞–≥–µ–Ω—Ç–æ–≤ –Ω–∞ cron (check_bx_crontab): Warning
–ó–∞–º–µ—á–∞–Ω–∏–µ. –ê–≥–µ–Ω—Ç—ã –≤—ã–ø–æ–ª–Ω—è—é—Ç—Å—è –Ω–∞ —Ö–∏—Ç–∞—Ö, —Ä–µ–∫–æ–º–µ–Ω–¥—É–µ—Ç—Å—è –ø–µ—Ä–µ–≤–µ—Å—Ç–∏ –≤—ã–ø–æ–ª–Ω–µ–Ω–∏–µ –∞–≥–µ–Ω—Ç–æ–≤ –Ω–∞ cron
2018-Mar-29 21:44:34 –ü–∞—Ä–∞–º–µ—Ç—Ä—ã –ø–æ–¥–∫–ª—é—á–µ–Ω–∏—è –∫ –±–∞–∑–µ –¥–∞–Ω–Ω—ã—Ö (check_dbconn_settings): Ok
–£—Å–ø–µ—à–Ω–æ
2018-Mar-29 21:44:35 –õ–∏—à–Ω–∏–π –≤—ã–≤–æ–¥ –≤ —Ñ–∞–π–ª–∞—Ö –∫–æ–Ω—Ñ–∏–≥—É—Ä–∞—Ü–∏–∏ (check_dbconn): Ok
Connection to bitrix:80	Success

–£—Å–ø–µ—à–Ω–æ
2018-Mar-29 21:44:35 –°–æ—Ö—Ä–∞–Ω–µ–Ω–∏–µ —Å–µ—Å—Å–∏–∏ –±–µ–∑ UserAgent (check_session_ua): Ok
50% done
Connection to bitrix:80	Success

2018-Mar-29 21:44:35 –°–æ—Ö—Ä–∞–Ω–µ–Ω–∏–µ —Å–µ—Å—Å–∏–∏ –±–µ–∑ UserAgent (check_session_ua): Ok
Connection to bitrix:80	Success

–£—Å–ø–µ—à–Ω–æ
2018-Mar-29 21:44:35 –ù–∞—Å—Ç—Ä–æ–π–∫–∏ —Å–∞–π—Ç–æ–≤ (check_sites): Ok
–ü—Ä–∞–≤–∏–ª—å–Ω—ã–µ
2018-Mar-29 21:44:35 –ü–µ—Ä–µ–¥–∞—á–∞ –æ–±—ä–µ–∫—Ç–æ–≤ –ø–æ —Å—Å—ã–ª–∫–µ (check_clone): Ok
–£—Å–ø–µ—à–Ω–æ
2018-Mar-29 21:44:36 –†–∞–∑–º–µ—Ä —Å—Ç–µ–∫–∞ –∏ pcre.recursion_limit (check_pcre_recursion): Ok
Connection to bitrix:80	Success

–£—Å–ø–µ—à–Ω–æ
2018-Mar-29 21:44:36 –ó–∞–≥—Ä—É–∑–∫–∞ —Ñ–∞–π–ª–∞ (check_upload): Ok
Connection to bitrix:80	Success

–£—Å–ø–µ—à–Ω–æ
2018-Mar-29 21:44:36 –ó–∞–≥—Ä—É–∑–∫–∞ —Ñ–∞–π–ª–∞ –±–æ–ª—å—à–µ 4–ú–± (check_upload_big): Fail
Connection to bitrix:80	Success
== Request ==
POST /bitrix/admin/site_checker.php?test_type=upload_test&unique_id=3beaae6faed3398abddcef7d496fb0e8&big=1&raw=0 HTTP/1.1
Host: bitrix
Content-Type: multipart/form-data; boundary=--------15ca63e8ba58d73ccbdb52d6ad05ff81
Content-Length: 4200195

----------15ca63e8ba58d73ccbdb52d6ad05ff81
Content-Disposition: form-data; name="test_file"; filename="site_checker.bin
Content-Type: image/gif

()*+,-./0123456789:;<=>?@ABCDEFGHIJKLMNOPQRSTUVWXYZ[\]^_`abcdefghijklmnopqrstuvwxyz{|}~ÄÅÇÉÑÖÜáàâäãåçéèêëíìîïñóòôöõúùûü†°¢£§•¶ß®©™´¨≠ÆØ∞±≤≥¥µ∂∑∏π∫ªºΩæø¿¡¬√ƒ≈∆«»… ÀÃÕŒœ–—“”‘’÷◊ÿŸ⁄€‹›ﬁﬂ‡·‚„‰ÂÊÁËÈÍÎÏÌÓÔ()*+,-./0123456789:;<=>?@ABCDEFGHIJKLMNOPQRSTUVWXYZ[\]^_`abcdefghijklmnopqrstuvwxyz{|}~ÄÅÇÉÑÖÜáàâäãåçéèêëíìîïñóòôöõúùûü†°¢£§•¶ß®©™´¨≠ÆØ∞±≤≥¥µ∂∑∏π∫ªºΩæø¿¡¬√ƒ≈∆«»… ÀÃÕŒœ–—“”‘’÷◊ÿŸ⁄€‹›ﬁﬂ‡·‚„‰ÂÊÁËÈÍÎÏÌÓÔ()*+,-./0123456789:;<=>?@ABCDEFGHIJKLMNOPQRSTUVWXYZ[\]^_`abcdefghijklmnopqrstuvwxyz{|}~ÄÅÇÉÑÖÜáàâäãåçéèêëíìîïñóòôöõúùûü†°¢£§•¶ß®©™´¨≠ÆØ∞±≤≥¥µ∂∑∏π∫ªºΩæø¿¡¬√ƒ≈∆«»… ÀÃÕŒœ–—“”‘’÷◊ÿŸ⁄€‹›ﬁﬂ‡·‚„‰ÂÊÁËÈÍÎÏÌÓÔ( ... (4200445 bytes)
== Response ==
HTTP/1.1 200 OK
Server: nginx/1.12.1
Date: Thu, 29 Mar 2018 18:44:36 GMT
Content-Type: text/html; charset=utf-8
Transfer-Encoding: chunked
Connection: keep-alive
X-Powered-By: PHP/7.1.11

== Body ==
move_uploaded_file(,/var/www/html/bitrix/bitrix/tmp/site_checker.bin)=false
$_FILES=
Array
(
    [test_file] => Array
        (
            [name] => site_checker.bin
            [type] => 
            [tmp_name] => 
            [error] => 1
            [size] => 0
        )

)

==========

–û—à–∏–±–∫–∞! –ù–µ —Ä–∞–±–æ—Ç–∞–µ—Ç
2018-Mar-29 21:44:36 –ó–∞–≥—Ä—É–∑–∫–∞ —Ñ–∞–π–ª–∞ —á–µ—Ä–µ–∑ php://input (check_upload_raw): Ok
Connection to bitrix:80	Success

–£—Å–ø–µ—à–Ω–æ
2018-Mar-29 21:44:37 –ü–µ—Ä–µ–¥–∞—á–∞ POST –∑–∞–ø—Ä–æ—Å–∞ —Å –±–æ–ª—å—à–∏–º —á–∏—Å–ª–æ–º –ø–∞—Ä–∞–º–µ—Ç—Ä–æ–≤ (check_post): Ok
Connection to bitrix:80	Success

–£—Å–ø–µ—à–Ω–æ
2018-Mar-29 21:44:37 –û—Ç–ø—Ä–∞–≤–∫–∞ –ø–æ—á—Ç—ã (check_mail): Ok
–£—Å–ø–µ—à–Ω–æ
2018-Mar-29 21:44:37 –û—Ç–ø—Ä–∞–≤–∫–∞ –ø–æ—á—Ç–æ–≤–æ–≥–æ —Å–æ–æ–±—â–µ–Ω–∏—è –±–æ–ª—å—à–µ 64–ö–± (check_mail_big): Ok
–£—Å–ø–µ—à–Ω–æ
2018-Mar-29 21:44:37 –ü—Ä–æ–≤–µ—Ä–∫–∞ –Ω–∞ –Ω–∞–ª–∏—á–∏–µ –Ω–µ–æ—Ç–ø—Ä–∞–≤–ª–µ–Ω–Ω—ã—Ö —Å–æ–æ–±—â–µ–Ω–∏–π (check_mail_b_event): Ok
–£—Å–ø–µ—à–Ω–æ
2018-Mar-29 21:44:38 –í–Ω—É—Ç—Ä–µ–Ω–Ω–µ–µ –ø–µ—Ä–µ–Ω–∞–ø—Ä–∞–≤–ª–µ–Ω–∏–µ (—Ñ—É–Ω–∫—Ü–∏—è LocalRedirect) (check_localredirect): Ok
50% done
Connection to bitrix:80	Success

2018-Mar-29 21:44:38 –í–Ω—É—Ç—Ä–µ–Ω–Ω–µ–µ –ø–µ—Ä–µ–Ω–∞–ø—Ä–∞–≤–ª–µ–Ω–∏–µ (—Ñ—É–Ω–∫—Ü–∏—è LocalRedirect) (check_localredirect): Ok
Connection to bitrix:80	Success

–£—Å–ø–µ—à–Ω–æ
2018-Mar-29 21:44:38 –§–∞–∫—Ç–∏—á–µ—Å–∫–æ–µ –æ–≥—Ä–∞–Ω–∏—á–µ–Ω–∏–µ –ø–∞–º—è—Ç–∏ (check_memory_limit): Ok
20% done
Connection to bitrix:80	Success

2018-Mar-29 21:44:38 –§–∞–∫—Ç–∏—á–µ—Å–∫–æ–µ –æ–≥—Ä–∞–Ω–∏—á–µ–Ω–∏–µ –ø–∞–º—è—Ç–∏ (check_memory_limit): Ok
40% done
Connection to bitrix:80	Success

2018-Mar-29 21:44:39 –§–∞–∫—Ç–∏—á–µ—Å–∫–æ–µ –æ–≥—Ä–∞–Ω–∏—á–µ–Ω–∏–µ –ø–∞–º—è—Ç–∏ (check_memory_limit): Ok
60% done
Connection to bitrix:80	Success

2018-Mar-29 21:44:40 –§–∞–∫—Ç–∏—á–µ—Å–∫–æ–µ –æ–≥—Ä–∞–Ω–∏—á–µ–Ω–∏–µ –ø–∞–º—è—Ç–∏ (check_memory_limit): Ok
80% done
Connection to bitrix:80	Success

2018-Mar-29 21:44:43 –§–∞–∫—Ç–∏—á–µ—Å–∫–æ–µ –æ–≥—Ä–∞–Ω–∏—á–µ–Ω–∏–µ –ø–∞–º—è—Ç–∏ (check_memory_limit): Ok
Connection to bitrix:80	Success

–ù–µ –º–µ–Ω–µ–µ 256 –ú
